[2021/08/26 10:02:35.564] [TID:1] [Info]: SCADA Strat
[2021/08/26 10:02:59.746] [TID:1] [Info]: 모니터링 시작 : BtnMonitoring_Click
[2021/08/26 10:04:14.199] [TID:1] [Info]: SCADA 프로그램 종료!
[2021/08/26 10:08:35.495] [TID:1] [Info]: SCADA Strat
[2021/08/26 10:08:42.134] [TID:1] [Info]: SCADA 프로그램 종료!
[2021/08/26 10:09:25.468] [TID:1] [Info]: SCADA Strat
[2021/08/26 10:09:28.647] [TID:1] [Info]: 모니터링 시작 : BtnMonitoring_Click
[2021/08/26 10:09:29.830] [TID:1] [Info]: SCADA 프로그램 종료!
[2021/08/26 10:09:32.964] [TID:1] [Info]: SCADA Strat
[2021/08/26 10:09:35.430] [TID:1] [Info]: SCADA 프로그램 종료!
[2021/08/26 10:20:25.103] [TID:1] [Info]: SCADA Strat
[2021/08/26 10:20:31.071] [TID:1] [Info]: 모니터링 시작 : BtnMonitoring_Click
[2021/08/26 10:20:31.850] [TID:1] [Info]: 모니터링 시작 : BtnMonitoring_Click
[2021/08/26 10:23:19.150] [TID:1] [Info]: SCADA Strat
[2021/08/26 10:23:36.983] [TID:1] [Info]: 모니터링 시작 : BtnMonitoring_Click
[2021/08/26 10:26:19.265] [TID:5] [Error]: 예외발생,Client_MqttMsgPublishReceived : [다른 스레드가 이 개체를 소유하고 있어 호출한 스레드가 해당 개체에 액세스할 수 없습니다.]
[2021/08/26 10:26:22.718] [TID:1] [Info]: SCADA 프로그램 종료!
[2021/08/26 10:34:39.171] [TID:1] [Info]: SCADA Strat
[2021/08/26 10:34:42.021] [TID:1] [Info]: 모니터링 시작 : BtnMonitoring_Click
[2021/08/26 10:36:26.909] [TID:1] [Info]: SCADA 프로그램 종료!
[2021/08/26 10:37:24.185] [TID:1] [Info]: SCADA Strat
[2021/08/26 10:37:27.172] [TID:1] [Info]: 모니터링 시작 : BtnMonitoring_Click
[2021/08/26 10:42:50.709] [TID:1] [Info]: SCADA 프로그램 종료!
[2021/08/26 10:42:51.627] [TID:1] [Info]: SCADA Strat
[2021/08/26 10:42:54.220] [TID:1] [Info]: 모니터링 시작 : BtnMonitoring_Click
[2021/08/26 10:47:23.539] [TID:1] [Info]: SCADA Strat
[2021/08/26 10:47:26.268] [TID:1] [Info]: 모니터링 시작 : BtnMonitoring_Click
[2021/08/26 10:47:30.652] [TID:1] [Info]: SCADA 프로그램 종료!
[2021/08/26 10:47:52.433] [TID:1] [Info]: SCADA Strat
[2021/08/26 10:47:55.013] [TID:1] [Info]: 모니터링 시작 : BtnMonitoring_Click
[2021/08/26 10:49:04.412] [TID:1] [Info]: SCADA 프로그램 종료!
[2021/08/26 10:50:02.425] [TID:1] [Info]: SCADA Strat
[2021/08/26 10:50:04.506] [TID:1] [Info]: 모니터링 시작 : BtnMonitoring_Click
[2021/08/26 10:50:12.036] [TID:1] [Info]: SCADA 프로그램 종료!
[2021/08/26 10:51:26.203] [TID:1] [Info]: SCADA Strat
[2021/08/26 10:51:30.580] [TID:1] [Info]: 모니터링 시작 : BtnMonitoring_Click
[2021/08/26 10:54:43.891] [TID:1] [Info]: SCADA 프로그램 종료!
[2021/08/26 10:55:00.415] [TID:1] [Info]: SCADA Strat
[2021/08/26 10:55:03.390] [TID:1] [Info]: 모니터링 시작 : BtnMonitoring_Click
[2021/08/26 10:56:53.638] [TID:1] [Info]: SCADA 프로그램 종료!
[2021/08/26 10:56:56.827] [TID:1] [Error]: 예외발생,BtnMonitoring_Click : ['uPLibrary.Networking.M2Mqtt.Exceptions.MqttCommunicationException' 형식의 예외가 Throw되었습니다.]
[2021/08/26 10:57:28.414] [TID:1] [Info]: SCADA Strat
[2021/08/26 10:57:49.201] [TID:1] [Info]: 모니터링 시작 : BtnMonitoring_Click
[2021/08/26 11:02:34.883] [TID:1] [Info]: SCADA 프로그램 종료!
[2021/08/26 11:02:54.404] [TID:1] [Info]: SCADA Strat
[2021/08/26 11:02:56.512] [TID:1] [Info]: 모니터링 시작 : BtnMonitoring_Click
[2021/08/26 11:03:59.604] [TID:1] [Info]: SCADA 프로그램 종료!
[2021/08/26 11:15:03.179] [TID:1] [Info]: SCADA Strat
[2021/08/26 11:15:09.568] [TID:1] [Info]: 모니터링 시작 : BtnMonitoring_Click
[2021/08/26 11:18:24.001] [TID:1] [Info]: SCADA 프로그램 종료!
[2021/08/26 11:25:21.918] [TID:1] [Info]: SCADA Strat
[2021/08/26 11:25:30.800] [TID:1] [Info]: 모니터링 시작 : BtnMonitoring_Click
[2021/08/26 11:38:09.577] [TID:1] [Warn]: 위급처리 : FuelTank정지할 수 있습니다!
[2021/08/26 11:38:50.704] [TID:1] [Info]: SCADA 프로그램 종료!
[2021/08/26 11:42:14.695] [TID:1] [Info]: SCADA Strat
[2021/08/26 11:42:25.342] [TID:1] [Info]: 모니터링 시작 : BtnMonitoring_Click
[2021/08/26 11:42:45.280] [TID:1] [Info]: SCADA 프로그램 종료!
[2021/08/26 11:45:35.948] [TID:1] [Info]: SCADA Strat
[2021/08/26 11:45:43.305] [TID:1] [Info]: 모니터링 시작 : BtnMonitoring_Click
[2021/08/26 11:45:44.272] [TID:1] [Warn]: 위급처리 : FuelTank정지할 수 있습니다!
[2021/08/26 11:45:47.488] [TID:1] [Info]: SCADA 프로그램 종료!
[2021/08/26 12:10:46.050] [TID:1] [Info]: SCADA Strat
[2021/08/26 12:10:52.781] [TID:1] [Info]: 모니터링 시작 : BtnMonitoring_Click
[2021/08/26 12:11:08.341] [TID:1] [Info]: SCADA 프로그램 종료!
[2021/08/26 12:11:20.147] [TID:1] [Info]: SCADA Strat
[2021/08/26 12:11:22.863] [TID:1] [Info]: 모니터링 시작 : BtnMonitoring_Click
[2021/08/26 12:11:38.607] [TID:1] [Warn]: 위급처리 : FuelTank정지할 수 있습니다!
[2021/08/26 12:11:47.902] [TID:1] [Warn]: 위급처리 : FuelTank정지할 수 있습니다!
[2021/08/26 12:11:54.877] [TID:1] [Warn]: 위급처리 : FuelTank정지할 수 있습니다!
[2021/08/26 12:12:02.685] [TID:1] [Info]: SCADA 프로그램 종료!
[2021/08/26 12:12:41.033] [TID:1] [Info]: SCADA Strat
[2021/08/26 12:12:43.062] [TID:1] [Info]: 모니터링 시작 : BtnMonitoring_Click
[2021/08/26 12:12:44.335] [TID:1] [Warn]: 위급처리 : FuelTank정지할 수 있습니다!
[2021/08/26 12:12:49.527] [TID:1] [Warn]: 위급처리 : FuelTank정지할 수 있습니다!
[2021/08/26 12:13:02.077] [TID:1] [Warn]: 위급처리 : FuelTank정지할 수 있습니다!
[2021/08/26 12:13:21.765] [TID:1] [Warn]: 위급처리 : FuelTank정지할 수 있습니다!
[2021/08/26 12:13:30.806] [TID:1] [Warn]: 위급처리 : FuelTank정지할 수 있습니다!
[2021/08/26 12:13:36.173] [TID:1] [Info]: SCADA 프로그램 종료!
[2021/08/26 12:14:31.814] [TID:1] [Info]: SCADA Strat
[2021/08/26 12:14:34.933] [TID:1] [Info]: 모니터링 시작 : BtnMonitoring_Click
[2021/08/26 12:15:01.894] [TID:1] [Warn]: 위급처리 : FuelTank정지할 수 있습니다!
[2021/08/26 12:15:12.854] [TID:1] [Warn]: 위급처리 : FuelTank정지할 수 있습니다!
[2021/08/26 12:15:27.166] [TID:1] [Warn]: 위급처리 : FuelTank정지할 수 있습니다!
[2021/08/26 12:15:29.157] [TID:1] [Info]: SCADA 프로그램 종료!
[2021/08/26 12:17:34.605] [TID:1] [Info]: SCADA Strat
[2021/08/26 12:17:39.068] [TID:1] [Info]: 모니터링 시작 : BtnMonitoring_Click
[2021/08/26 12:17:40.349] [TID:1] [Warn]: 위급처리 : FuelTank정지할 수 있습니다!
[2021/08/26 12:17:44.661] [TID:1] [Info]: SCADA 프로그램 종료!
[2021/08/26 12:19:33.634] [TID:1] [Info]: SCADA Strat
[2021/08/26 12:19:37.062] [TID:1] [Info]: 모니터링 시작 : BtnMonitoring_Click
[2021/08/26 12:19:38.822] [TID:1] [Info]: 모니터링 종료 : BtnMonitoring_Click
[2021/08/26 12:19:40.077] [TID:1] [Info]: 모니터링 시작 : BtnMonitoring_Click
[2021/08/26 12:19:42.207] [TID:1] [Info]: 모니터링 종료 : BtnMonitoring_Click
[2021/08/26 12:19:48.041] [TID:1] [Info]: 모니터링 시작 : BtnMonitoring_Click
[2021/08/26 12:19:50.189] [TID:1] [Info]: 모니터링 종료 : BtnMonitoring_Click
[2021/08/26 12:19:51.024] [TID:1] [Info]: 모니터링 시작 : BtnMonitoring_Click
[2021/08/26 12:19:51.700] [TID:1] [Info]: 모니터링 종료 : BtnMonitoring_Click
[2021/08/26 12:19:56.537] [TID:1] [Info]: 모니터링 시작 : BtnMonitoring_Click
[2021/08/26 12:19:58.046] [TID:1] [Warn]: 위급처리 : FuelTank정지할 수 있습니다!
[2021/08/26 12:20:01.213] [TID:1] [Info]: SCADA 프로그램 종료!
[2021/08/26 12:22:24.660] [TID:1] [Info]: SCADA Strat
[2021/08/26 12:22:28.380] [TID:1] [Info]: 모니터링 시작 : BtnMonitoring_Click
[2021/08/26 12:22:35.653] [TID:1] [Warn]: 위급처리 : FuelTank정지할 수 있습니다!
[2021/08/26 12:22:54.887] [TID:1] [Warn]: 위급처리 : FuelTank정지할 수 있습니다!
[2021/08/26 12:23:08.153] [TID:1] [Warn]: 위급처리 : FuelTank정지할 수 있습니다!
[2021/08/26 12:24:03.388] [TID:1] [Warn]: 위급처리 : FuelTank정지할 수 있습니다!
[2021/08/26 12:24:06.559] [TID:1] [Warn]: 위급처리 : FuelTank정지할 수 있습니다!
[2021/08/26 12:24:08.725] [TID:1] [Warn]: 위급처리 : FuelTank정지할 수 있습니다!
[2021/08/26 12:25:46.740] [TID:1] [Info]: SCADA 프로그램 종료!
[2021/08/26 14:17:27.224] [TID:1] [Info]: SCADA Strat
[2021/08/26 14:17:36.659] [TID:1] [Info]: 모니터링 시작 : BtnMonitoring_Click
[2021/08/26 14:18:13.839] [TID:1] [Warn]: 위급처리 : FuelTank정지할 수 있습니다!
[2021/08/26 14:18:32.242] [TID:1] [Info]: Iot 데이터 입력 성공!
[2021/08/26 14:19:46.878] [TID:1] [Warn]: 위급처리 : FuelTank정지할 수 있습니다!
[2021/08/26 14:19:54.977] [TID:1] [Info]: Iot 데이터 입력 성공!
[2021/08/26 14:19:59.182] [TID:1] [Info]: 모니터링 종료 : BtnMonitoring_Click
[2021/08/26 14:20:55.782] [TID:1] [Info]: 모니터링 시작 : BtnMonitoring_Click
[2021/08/26 14:20:57.052] [TID:1] [Warn]: 위급처리 : FuelTank정지할 수 있습니다!
[2021/08/26 14:20:58.581] [TID:1] [Warn]: 위급처리 : FuelTank정지할 수 있습니다!
[2021/08/26 14:21:21.752] [TID:1] [Info]: Iot 데이터 입력 성공!
[2021/08/26 14:21:32.876] [TID:1] [Warn]: 위급처리 : FuelTank정지할 수 있습니다!
[2021/08/26 14:22:10.916] [TID:1] [Info]: Iot 데이터 입력 성공!
[2021/08/26 14:22:12.923] [TID:1] [Info]: SCADA 프로그램 종료!
[2021/08/26 14:25:20.530] [TID:1] [Info]: SCADA Strat
[2021/08/26 14:25:28.675] [TID:1] [Info]: 모니터링 시작 : BtnMonitoring_Click
[2021/08/26 14:25:35.080] [TID:1] [Info]: Iot 데이터 입력 성공!
[2021/08/26 14:25:38.773] [TID:1] [Warn]: 위급처리 : FuelTank정지할 수 있습니다!
[2021/08/26 14:25:42.677] [TID:1] [Info]: Iot 데이터 입력 성공!
[2021/08/26 14:25:45.475] [TID:1] [Warn]: 위급처리 : FuelTank정지할 수 있습니다!
[2021/08/26 14:25:47.804] [TID:1] [Info]: 모니터링 종료 : BtnMonitoring_Click
[2021/08/26 14:50:21.666] [TID:1] [Info]: SCADA 프로그램 종료!
[2021/08/26 14:52:43.452] [TID:1] [Info]: SCADA Strat
[2021/08/26 14:52:45.833] [TID:1] [Info]: 모니터링 시작 : BtnMonitoring_Click
[2021/08/26 14:52:59.754] [TID:1] [Warn]: 위급처리 : FuelTank정지할 수 있습니다!
[2021/08/26 14:53:04.563] [TID:1] [Warn]: 위급처리 : FuelTank정지할 수 있습니다!
[2021/08/26 14:53:33.760] [TID:1] [Info]: Iot 데이터 입력 성공!
[2021/08/26 14:53:39.015] [TID:1] [Info]: Iot 데이터 입력 성공!
[2021/08/26 14:53:42.335] [TID:1] [Info]: Iot 데이터 입력 성공!
[2021/08/26 14:55:49.721] [TID:1] [Info]: SCADA 프로그램 종료!
[2021/08/26 14:55:50.377] [TID:1] [Info]: SCADA Strat
[2021/08/26 14:55:55.138] [TID:1] [Info]: 모니터링 시작 : BtnMonitoring_Click
[2021/08/26 14:55:56.138] [TID:1] [Warn]: 위급처리 : FuelTank정지할 수 있습니다!
[2021/08/26 14:56:07.889] [TID:1] [Warn]: 위급처리 : FuelTank정지할 수 있습니다!
[2021/08/26 14:56:21.361] [TID:1] [Info]: Iot 데이터 입력 성공!
[2021/08/26 14:56:23.386] [TID:1] [Warn]: 위급처리 : FuelTank정지할 수 있습니다!
[2021/08/26 14:59:04.065] [TID:1] [Info]: SCADA 프로그램 종료!
[2021/08/26 14:59:05.264] [TID:1] [Info]: SCADA Strat
[2021/08/26 14:59:07.848] [TID:1] [Info]: 모니터링 시작 : BtnMonitoring_Click
[2021/08/26 14:59:18.246] [TID:1] [Info]: Iot 데이터 입력 성공!
[2021/08/26 14:59:42.018] [TID:1] [Info]: Iot 데이터 입력 성공!
[2021/08/26 14:59:43.689] [TID:1] [Warn]: 위급처리 : FuelTank정지할 수 있습니다!
[2021/08/26 14:59:43.697] [TID:1] [Info]: Iot 데이터 입력 성공!
[2021/08/26 14:59:50.027] [TID:1] [Warn]: 위급처리 : FuelTank정지할 수 있습니다!
[2021/08/26 14:59:50.027] [TID:1] [Info]: Iot 데이터 입력 성공!
[2021/08/26 15:00:08.745] [TID:1] [Info]: SCADA 프로그램 종료!
[2021/08/26 15:17:00.237] [TID:1] [Info]: SCADA Strat
[2021/08/26 15:17:12.800] [TID:1] [Info]: 모니터링 시작 : BtnMonitoring_Click
[2021/08/26 15:17:53.759] [TID:1] [Info]: SCADA 프로그램 종료!
[2021/08/26 15:19:31.785] [TID:1] [Info]: Iot 데이터 입력 성공!
[2021/08/26 15:33:43.139] [TID:1] [Info]: SCADA Strat
[2021/08/26 15:47:26.415] [TID:1] [Info]: 모니터링 시작 : BtnMonitoring_Click
[2021/08/26 15:47:27.708] [TID:1] [Info]: Iot 데이터 입력 성공!
[2021/08/26 15:47:28.778] [TID:1] [Info]: Iot 데이터 입력 성공!
[2021/08/26 15:47:30.557] [TID:1] [Info]: Iot 데이터 입력 성공!
[2021/08/26 15:47:31.983] [TID:1] [Info]: Iot 데이터 입력 성공!
[2021/08/26 15:47:45.246] [TID:1] [Warn]: 위급처리 : FuelTank정지할 수 있습니다!
[2021/08/26 15:47:54.366] [TID:1] [Info]: Iot 데이터 입력 성공!
[2021/08/26 15:47:54.368] [TID:1] [Info]: Iot 데이터 입력 성공!
[2021/08/26 15:47:55.581] [TID:1] [Info]: Iot 데이터 입력 성공!
[2021/08/26 15:47:55.581] [TID:1] [Info]: Iot 데이터 입력 성공!
[2021/08/26 15:47:55.589] [TID:1] [Info]: Iot 데이터 입력 성공!
[2021/08/26 15:47:55.589] [TID:1] [Info]: Iot 데이터 입력 성공!
[2021/08/26 15:47:56.173] [TID:1] [Info]: Iot 데이터 입력 성공!
[2021/08/26 15:47:56.179] [TID:1] [Info]: Iot 데이터 입력 성공!
[2021/08/26 15:47:56.179] [TID:1] [Info]: Iot 데이터 입력 성공!
[2021/08/26 15:47:56.179] [TID:1] [Info]: Iot 데이터 입력 성공!
[2021/08/26 15:47:56.179] [TID:1] [Info]: Iot 데이터 입력 성공!
[2021/08/26 15:47:56.179] [TID:1] [Info]: Iot 데이터 입력 성공!
[2021/08/26 15:48:37.821] [TID:1] [Info]: Iot 데이터 입력 성공!
[2021/08/26 15:48:40.938] [TID:1] [Info]: Iot 데이터 입력 성공!
[2021/08/26 15:48:41.304] [TID:1] [Info]: Iot 데이터 입력 성공!
[2021/08/26 15:48:42.053] [TID:1] [Info]: Iot 데이터 입력 성공!
[2021/08/26 15:49:01.662] [TID:1] [Info]: Iot 데이터 입력 성공!
[2021/08/26 15:49:01.663] [TID:1] [Info]: Iot 데이터 입력 성공!
[2021/08/26 15:49:01.663] [TID:1] [Info]: Iot 데이터 입력 성공!
[2021/08/26 15:49:01.663] [TID:1] [Info]: Iot 데이터 입력 성공!
[2021/08/26 15:49:02.849] [TID:1] [Info]: Iot 데이터 입력 성공!
[2021/08/26 15:49:02.849] [TID:1] [Info]: Iot 데이터 입력 성공!
[2021/08/26 15:49:02.852] [TID:1] [Info]: Iot 데이터 입력 성공!
[2021/08/26 15:49:02.852] [TID:1] [Info]: Iot 데이터 입력 성공!
[2021/08/26 15:49:02.852] [TID:1] [Info]: Iot 데이터 입력 성공!
[2021/08/26 15:49:02.852] [TID:1] [Info]: Iot 데이터 입력 성공!
[2021/08/26 15:49:02.852] [TID:1] [Info]: Iot 데이터 입력 성공!
[2021/08/26 15:49:02.852] [TID:1] [Info]: Iot 데이터 입력 성공!
[2021/08/26 15:49:02.852] [TID:1] [Info]: Iot 데이터 입력 성공!
[2021/08/26 15:49:02.852] [TID:1] [Info]: Iot 데이터 입력 성공!
[2021/08/26 15:51:52.419] [TID:1] [Info]: Iot 데이터 입력 성공!
[2021/08/26 15:51:55.246] [TID:1] [Info]: Iot 데이터 입력 성공!
[2021/08/26 15:51:56.300] [TID:1] [Info]: Iot 데이터 입력 성공!
[2021/08/26 15:51:58.964] [TID:1] [Info]: Iot 데이터 입력 성공!
[2021/08/26 15:51:59.751] [TID:1] [Info]: Iot 데이터 입력 성공!
[2021/08/26 15:52:28.998] [TID:1] [Info]: Iot 데이터 입력 성공!
[2021/08/26 15:52:30.501] [TID:1] [Info]: Iot 데이터 입력 성공!
[2021/08/26 15:52:32.964] [TID:1] [Info]: Iot 데이터 입력 성공!
[2021/08/26 15:52:34.798] [TID:1] [Info]: Iot 데이터 입력 성공!
[2021/08/26 16:00:07.144] [TID:1] [Info]: Iot 데이터 입력 성공!
[2021/08/26 16:00:08.021] [TID:1] [Info]: Iot 데이터 입력 성공!
[2021/08/26 16:00:10.403] [TID:1] [Info]: Iot 데이터 입력 성공!
[2021/08/26 16:00:12.088] [TID:1] [Info]: Iot 데이터 입력 성공!
[2021/08/26 16:00:12.997] [TID:1] [Info]: Iot 데이터 입력 성공!
[2021/08/26 16:00:13.583] [TID:1] [Info]: Iot 데이터 입력 성공!
[2021/08/26 16:00:18.571] [TID:1] [Info]: Iot 데이터 입력 성공!
[2021/08/26 16:00:22.005] [TID:1] [Warn]: 위급처리 : FuelTank정지할 수 있습니다!
[2021/08/26 16:00:22.011] [TID:1] [Info]: Iot 데이터 입력 성공!
[2021/08/26 16:00:25.423] [TID:1] [Warn]: 위급처리 : FuelTank정지할 수 있습니다!
[2021/08/26 16:00:25.430] [TID:1] [Info]: Iot 데이터 입력 성공!
[2021/08/26 16:00:47.452] [TID:1] [Info]: SCADA 프로그램 종료!
[2021/08/26 16:00:50.649] [TID:1] [Info]: SCADA Strat
[2021/08/26 16:00:58.314] [TID:1] [Info]: 모니터링 시작 : BtnMonitoring_Click
[2021/08/26 16:01:00.380] [TID:1] [Info]: Iot 데이터 입력 성공!
[2021/08/26 16:01:02.927] [TID:1] [Info]: Iot 데이터 입력 성공!
[2021/08/26 16:01:08.299] [TID:1] [Info]: Iot 데이터 입력 성공!
[2021/08/26 16:01:09.895] [TID:1] [Info]: Iot 데이터 입력 성공!
[2021/08/26 16:05:48.872] [TID:1] [Info]: Iot 데이터 입력 성공!
[2021/08/26 16:05:53.466] [TID:1] [Info]: Iot 데이터 입력 성공!
[2021/08/26 16:05:55.206] [TID:1] [Info]: Iot 데이터 입력 성공!
[2021/08/26 16:05:57.699] [TID:1] [Info]: Iot 데이터 입력 성공!
[2021/08/26 16:05:59.487] [TID:1] [Warn]: 위급처리 : FuelTank정지할 수 있습니다!
[2021/08/26 16:05:59.493] [TID:1] [Info]: Iot 데이터 입력 성공!
[2021/08/26 16:06:05.755] [TID:1] [Info]: Iot 데이터 입력 성공!
[2021/08/26 16:06:06.962] [TID:1] [Info]: Iot 데이터 입력 성공!
[2021/08/26 16:06:46.212] [TID:1] [Info]: Iot 데이터 입력 성공!
[2021/08/26 16:06:47.901] [TID:1] [Warn]: 위급처리 : FuelTank정지할 수 있습니다!
[2021/08/26 16:06:47.901] [TID:1] [Info]: Iot 데이터 입력 성공!
[2021/08/26 16:06:53.828] [TID:1] [Warn]: 위급처리 : FuelTank정지할 수 있습니다!
[2021/08/26 16:06:53.828] [TID:1] [Info]: Iot 데이터 입력 성공!
[2021/08/26 16:07:00.452] [TID:1] [Warn]: 위급처리 : FuelTank정지할 수 있습니다!
[2021/08/26 16:07:00.479] [TID:1] [Info]: Iot 데이터 입력 성공!
[2021/08/26 16:09:49.762] [TID:1] [Info]: Iot 데이터 입력 성공!
[2021/08/26 16:11:48.036] [TID:1] [Warn]: 위급처리 : FuelTank정지할 수 있습니다!
[2021/08/26 16:11:51.381] [TID:1] [Warn]: 위급처리 : FuelTank정지할 수 있습니다!
[2021/08/26 16:11:57.251] [TID:1] [Info]: Iot 데이터 입력 성공!
[2021/08/26 16:11:57.251] [TID:1] [Info]: Iot 데이터 입력 성공!
[2021/08/26 16:11:57.258] [TID:1] [Info]: Iot 데이터 입력 성공!
[2021/08/26 16:11:57.258] [TID:1] [Info]: Iot 데이터 입력 성공!
[2021/08/26 16:11:57.258] [TID:1] [Info]: Iot 데이터 입력 성공!
[2021/08/26 16:11:57.258] [TID:1] [Info]: Iot 데이터 입력 성공!
[2021/08/26 16:11:57.258] [TID:1] [Info]: Iot 데이터 입력 성공!
[2021/08/26 16:11:58.405] [TID:1] [Warn]: 위급처리 : FuelTank정지할 수 있습니다!
[2021/08/26 16:11:58.405] [TID:1] [Info]: Iot 데이터 입력 성공!
[2021/08/26 16:12:06.907] [TID:1] [Info]: Iot 데이터 입력 성공!
[2021/08/26 16:12:08.940] [TID:1] [Warn]: 위급처리 : FuelTank정지할 수 있습니다!
[2021/08/26 16:12:08.947] [TID:1] [Info]: Iot 데이터 입력 성공!
[2021/08/26 16:12:15.295] [TID:1] [Info]: Iot 데이터 입력 성공!
[2021/08/26 16:12:17.011] [TID:1] [Info]: Iot 데이터 입력 성공!
[2021/08/26 16:12:18.774] [TID:1] [Info]: Iot 데이터 입력 성공!
[2021/08/26 16:12:32.829] [TID:1] [Info]: Iot 데이터 입력 성공!
[2021/08/26 16:12:32.829] [TID:1] [Info]: Iot 데이터 입력 성공!
[2021/08/26 16:12:32.837] [TID:1] [Info]: Iot 데이터 입력 성공!
[2021/08/26 16:12:32.837] [TID:1] [Info]: Iot 데이터 입력 성공!
[2021/08/26 16:12:32.837] [TID:1] [Info]: Iot 데이터 입력 성공!
[2021/08/26 16:12:32.837] [TID:1] [Info]: Iot 데이터 입력 성공!
[2021/08/26 16:12:38.243] [TID:1] [Info]: Iot 데이터 입력 성공!
[2021/08/26 16:12:39.285] [TID:1] [Info]: Iot 데이터 입력 성공!
[2021/08/26 16:12:40.341] [TID:1] [Info]: Iot 데이터 입력 성공!
[2021/08/26 16:12:43.265] [TID:1] [Info]: Iot 데이터 입력 성공!
[2021/08/26 16:12:45.663] [TID:1] [Info]: Iot 데이터 입력 성공!
[2021/08/26 16:12:53.149] [TID:1] [Info]: Iot 데이터 입력 성공!
[2021/08/26 16:12:55.141] [TID:1] [Warn]: 위급처리 : FuelTank정지할 수 있습니다!
[2021/08/26 16:12:55.150] [TID:1] [Info]: Iot 데이터 입력 성공!
[2021/08/26 16:13:39.220] [TID:1] [Warn]: 위급처리 : FuelTank정지할 수 있습니다!
[2021/08/26 16:13:39.227] [TID:1] [Info]: Iot 데이터 입력 성공!
[2021/08/26 16:13:44.187] [TID:1] [Info]: Iot 데이터 입력 성공!
[2021/08/26 16:13:45.925] [TID:1] [Info]: Iot 데이터 입력 성공!
[2021/08/26 16:13:49.528] [TID:1] [Info]: Iot 데이터 입력 성공!
[2021/08/26 16:13:51.086] [TID:1] [Info]: Iot 데이터 입력 성공!
[2021/08/26 16:13:52.629] [TID:1] [Info]: Iot 데이터 입력 성공!
[2021/08/26 16:13:54.433] [TID:1] [Info]: Iot 데이터 입력 성공!
[2021/08/26 16:14:01.325] [TID:1] [Info]: Iot 데이터 입력 성공!
[2021/08/26 16:14:01.325] [TID:1] [Info]: Iot 데이터 입력 성공!
[2021/08/26 16:14:04.956] [TID:1] [Info]: Iot 데이터 입력 성공!
[2021/08/26 16:14:06.510] [TID:1] [Info]: Iot 데이터 입력 성공!
[2021/08/26 16:21:05.767] [TID:1] [Info]: Iot 데이터 입력 성공!
[2021/08/26 16:21:13.523] [TID:1] [Info]: Iot 데이터 입력 성공!
[2021/08/26 16:21:15.091] [TID:1] [Info]: Iot 데이터 입력 성공!
[2021/08/26 16:21:17.616] [TID:1] [Info]: Iot 데이터 입력 성공!
[2021/08/26 16:21:19.362] [TID:1] [Info]: Iot 데이터 입력 성공!
[2021/08/26 16:21:21.335] [TID:1] [Info]: Iot 데이터 입력 성공!
[2021/08/26 16:21:23.759] [TID:1] [Info]: Iot 데이터 입력 성공!
[2021/08/26 16:21:31.363] [TID:1] [Info]: Iot 데이터 입력 성공!
[2021/08/26 16:21:31.370] [TID:1] [Info]: Iot 데이터 입력 성공!
[2021/08/26 16:21:31.370] [TID:1] [Info]: Iot 데이터 입력 성공!
[2021/08/26 16:21:36.274] [TID:1] [Info]: Iot 데이터 입력 성공!
[2021/08/26 16:21:37.996] [TID:1] [Info]: Iot 데이터 입력 성공!
[2021/08/26 16:21:38.902] [TID:1] [Warn]: 위급처리 : FuelTank정지할 수 있습니다!
[2021/08/26 16:21:38.902] [TID:1] [Info]: Iot 데이터 입력 성공!
[2021/08/26 16:21:43.755] [TID:1] [Warn]: 위급처리 : FuelTank정지할 수 있습니다!
[2021/08/26 16:21:45.700] [TID:1] [Warn]: 위급처리 : FuelTank정지할 수 있습니다!
[2021/08/26 16:21:54.876] [TID:1] [Info]: Iot 데이터 입력 성공!
[2021/08/26 16:21:54.876] [TID:1] [Info]: Iot 데이터 입력 성공!
[2021/08/26 16:21:54.876] [TID:1] [Info]: Iot 데이터 입력 성공!
[2021/08/26 16:24:41.155] [TID:1] [Info]: SCADA 프로그램 종료!
